<?xml version="1.0" encoding="UTF-8"?>
<coverage generated="1388635151">
  <project timestamp="1388635151">
    <package name="Icecave\Recoil\Database\Detail">
      <file name="/home/travis/build/IcecaveLabs/recoil-database/src-internal/Icecave/Recoil/Database/Detail/Connection.php">
        <class name="Connection" namespace="Icecave\Recoil\Database\Detail">
          <metrics methods="19" coveredmethods="19" conditionals="0" coveredconditionals="0" statements="43" coveredstatements="39" elements="62" coveredelements="58"/>
        </class>
        <line num="15" type="method" name="__construct" crap="1" count="80"/>
        <line num="17" type="stmt" count="80"/>
        <line num="18" type="stmt" count="80"/>
        <line num="20" type="method" name="__destruct" crap="3" count="80"/>
        <line num="22" type="stmt" count="80"/>
        <line num="23" type="stmt" count="80"/>
        <line num="24" type="stmt" count="80"/>
        <line num="25" type="stmt" count="80"/>
        <line num="27" type="stmt" count="80"/>
        <line num="29" type="method" name="channel" crap="1" count="60"/>
        <line num="31" type="stmt" count="60"/>
        <line num="34" type="method" name="kernel" crap="1" count="60"/>
        <line num="36" type="stmt" count="60"/>
        <line num="49" type="method" name="connect" crap="1" count="80"/>
        <line num="51" type="stmt" count="80"/>
        <line num="53" type="stmt" count="80"/>
        <line num="54" type="stmt" count="80"/>
        <line num="66" type="method" name="prepare" crap="1" count="58"/>
        <line num="68" type="stmt" count="58"/>
        <line num="83" type="method" name="query" crap="3.58" count="2"/>
        <line num="85" type="stmt" count="2"/>
        <line num="87" type="stmt" count="2"/>
        <line num="88" type="stmt" count="0"/>
        <line num="91" type="stmt" count="2"/>
        <line num="92" type="stmt" count="0"/>
        <line num="104" type="method" name="exec" crap="1" count="14"/>
        <line num="106" type="stmt" count="14"/>
        <line num="116" type="method" name="inTransaction" crap="1" count="6"/>
        <line num="118" type="stmt" count="6"/>
        <line num="128" type="method" name="beginTransaction" crap="1" count="6"/>
        <line num="130" type="stmt" count="6"/>
        <line num="140" type="method" name="commit" crap="1" count="2"/>
        <line num="142" type="stmt" count="2"/>
        <line num="152" type="method" name="rollBack" crap="1" count="4"/>
        <line num="154" type="stmt" count="4"/>
        <line num="166" type="method" name="lastInsertId" crap="1" count="2"/>
        <line num="168" type="stmt" count="2"/>
        <line num="178" type="method" name="errorCode" crap="1" count="2"/>
        <line num="180" type="stmt" count="2"/>
        <line num="194" type="method" name="errorInfo" crap="1" count="2"/>
        <line num="196" type="stmt" count="2"/>
        <line num="210" type="method" name="quote" crap="1" count="2"/>
        <line num="212" type="stmt" count="2"/>
        <line num="225" type="method" name="setAttribute" crap="1" count="4"/>
        <line num="227" type="stmt" count="4"/>
        <line num="239" type="method" name="getAttribute" crap="1" count="2"/>
        <line num="241" type="stmt" count="2"/>
        <line num="244" type="method" name="serviceRequest" crap="5.07" count="80"/>
        <line num="246" type="stmt" count="80"/>
        <line num="248" type="stmt" count="80"/>
        <line num="249" type="stmt" count="80"/>
        <line num="252" type="stmt" count="80"/>
        <line num="254" type="stmt" count="80"/>
        <line num="256" type="stmt" count="80"/>
        <line num="257" type="stmt" count="80"/>
        <line num="258" type="stmt" count="80"/>
        <line num="260" type="stmt" count="62"/>
        <line num="261" type="stmt" count="60"/>
        <line num="263" type="stmt" count="2"/>
        <line num="264" type="stmt" count="2"/>
        <line num="265" type="stmt" count="0"/>
        <line num="267" type="stmt" count="0"/>
        <line num="273" type="stmt" count="0"/>
        <metrics loc="272" ncloc="142" classes="1" methods="19" coveredmethods="17" conditionals="0" coveredconditionals="0" statements="43" coveredstatements="39" elements="62" coveredelements="56"/>
      </file>
      <file name="/home/travis/build/IcecaveLabs/recoil-database/src-internal/Icecave/Recoil/Database/Detail/ConnectionService.php">
        <class name="ConnectionService" namespace="Icecave\Recoil\Database\Detail">
          <metrics methods="4" coveredmethods="4" conditionals="0" coveredconditionals="0" statements="15" coveredstatements="15" elements="19" coveredelements="19"/>
        </class>
        <line num="9" type="method" name="__construct" crap="1" count="40"/>
        <line num="11" type="stmt" count="40"/>
        <line num="12" type="stmt" count="40"/>
        <line num="14" type="method" name="connect" crap="1" count="40"/>
        <line num="16" type="stmt" count="40"/>
        <line num="18" type="stmt" count="40"/>
        <line num="21" type="method" name="disconnect" crap="1" count="38"/>
        <line num="23" type="stmt" count="38"/>
        <line num="25" type="stmt" count="38"/>
        <line num="27" type="stmt" count="38"/>
        <line num="30" type="method" name="__call" crap="2" count="40"/>
        <line num="32" type="stmt" count="40"/>
        <line num="33" type="stmt" count="40"/>
        <line num="35" type="stmt" count="40"/>
        <line num="37" type="stmt" count="40"/>
        <line num="38" type="stmt" count="10"/>
        <line num="41" type="stmt" count="30"/>
        <line num="42" type="stmt" count="30"/>
        <line num="44" type="stmt" count="30"/>
        <line num="50" type="stmt" count="1"/>
        <metrics loc="49" ncloc="47" classes="1" methods="4" coveredmethods="4" conditionals="0" coveredconditionals="0" statements="15" coveredstatements="15" elements="19" coveredelements="19"/>
      </file>
      <file name="/home/travis/build/IcecaveLabs/recoil-database/src-internal/Icecave/Recoil/Database/Detail/ResponseType.php">
        <class name="ResponseType" namespace="Icecave\Recoil\Database\Detail">
          <metrics methods="0" coveredmethods="0" conditionals="0" coveredconditionals="0" statements="0" coveredstatements="0" elements="0" coveredelements="0"/>
        </class>
        <line num="10" type="stmt" count="0"/>
        <metrics loc="9" ncloc="9" classes="1" methods="0" coveredmethods="0" conditionals="0" coveredconditionals="0" statements="0" coveredstatements="0" elements="0" coveredelements="0"/>
      </file>
      <file name="/home/travis/build/IcecaveLabs/recoil-database/src-internal/Icecave/Recoil/Database/Detail/ServiceManager.php">
        <class name="ServiceManager" namespace="Icecave\Recoil\Database\Detail">
          <metrics methods="6" coveredmethods="6" conditionals="0" coveredconditionals="0" statements="37" coveredstatements="36" elements="43" coveredelements="42"/>
        </class>
        <line num="0" type="stmt" count="40"/>
        <line num="10" type="method" name="__construct" crap="1" count="40"/>
        <line num="12" type="stmt" count="40"/>
        <line num="13" type="stmt" count="40"/>
        <line num="15" type="stmt" count="40"/>
        <line num="16" type="stmt" count="40"/>
        <line num="18" type="method" name="__invoke" crap="2" count="40"/>
        <line num="21" type="stmt" count="40"/>
        <line num="22" type="stmt" count="40"/>
        <line num="23" type="stmt" count="40"/>
        <line num="24" type="stmt" count="40"/>
        <line num="26" type="stmt" count="38"/>
        <line num="27" type="stmt" count="38"/>
        <line num="29" type="method" name="getObject" crap="1" count="40"/>
        <line num="31" type="stmt" count="40"/>
        <line num="34" type="method" name="addObject" crap="1" count="40"/>
        <line num="36" type="stmt" count="40"/>
        <line num="38" type="stmt" count="40"/>
        <line num="40" type="stmt" count="40"/>
        <line num="41" type="stmt" count="1"/>
        <line num="43" type="method" name="removeObject" crap="3" count="38"/>
        <line num="45" type="stmt" count="38"/>
        <line num="46" type="stmt" count="38"/>
        <line num="47" type="stmt" count="38"/>
        <line num="48" type="stmt" count="38"/>
        <line num="50" type="stmt" count="38"/>
        <line num="51" type="stmt" count="38"/>
        <line num="53" type="method" name="dispatch" crap="5.01" count="40"/>
        <line num="55" type="stmt" count="40"/>
        <line num="57" type="stmt" count="40"/>
        <line num="58" type="stmt" count="40"/>
        <line num="59" type="stmt" count="40"/>
        <line num="60" type="stmt" count="39"/>
        <line num="70" type="stmt" count="40"/>
        <line num="73" type="stmt" count="40"/>
        <line num="74" type="stmt" count="40"/>
        <line num="76" type="stmt" count="40"/>
        <line num="77" type="stmt" count="40"/>
        <line num="78" type="stmt" count="1"/>
        <line num="79" type="stmt" count="1"/>
        <line num="80" type="stmt" count="0"/>
        <line num="83" type="stmt" count="40"/>
        <line num="84" type="stmt" count="40"/>
        <line num="86" type="stmt" count="40"/>
        <line num="91" type="stmt" count="1"/>
        <metrics loc="90" ncloc="78" classes="1" methods="6" coveredmethods="5" conditionals="0" coveredconditionals="0" statements="37" coveredstatements="36" elements="43" coveredelements="41"/>
      </file>
      <file name="/home/travis/build/IcecaveLabs/recoil-database/src-internal/Icecave/Recoil/Database/Detail/Statement.php">
        <class name="Statement" namespace="Icecave\Recoil\Database\Detail">
          <metrics methods="23" coveredmethods="16" conditionals="0" coveredconditionals="0" statements="87" coveredstatements="54" elements="110" coveredelements="70"/>
        </class>
        <line num="12" type="method" name="__construct" crap="1" count="60"/>
        <line num="14" type="stmt" count="60"/>
        <line num="15" type="stmt" count="60"/>
        <line num="16" type="stmt" count="60"/>
        <line num="17" type="stmt" count="60"/>
        <line num="19" type="method" name="__destruct" crap="2" count="60"/>
        <line num="21" type="stmt" count="60"/>
        <line num="23" type="stmt" count="60"/>
        <line num="24" type="stmt" count="60"/>
        <line num="25" type="stmt" count="60"/>
        <line num="26" type="stmt" count="60"/>
        <line num="28" type="stmt" count="60"/>
        <line num="37" type="method" name="execute" crap="1" count="52"/>
        <line num="39" type="stmt" count="52"/>
        <line num="53" type="method" name="setFetchMode" crap="19.11" count="10"/>
        <line num="55" type="stmt" count="10"/>
        <line num="56" type="stmt" count="10"/>
        <line num="57" type="stmt" count="10"/>
        <line num="60" type="stmt" count="10"/>
        <line num="61" type="stmt" count="8"/>
        <line num="62" type="stmt" count="6"/>
        <line num="63" type="stmt" count="4"/>
        <line num="64" type="stmt" count="2"/>
        <line num="65" type="stmt" count="10"/>
        <line num="66" type="stmt" count="10"/>
        <line num="68" type="stmt" count="0"/>
        <line num="69" type="stmt" count="0"/>
        <line num="70" type="stmt" count="0"/>
        <line num="71" type="stmt" count="0"/>
        <line num="72" type="stmt" count="0"/>
        <line num="73" type="stmt" count="0"/>
        <line num="74" type="stmt" count="0"/>
        <line num="75" type="stmt" count="0"/>
        <line num="76" type="stmt" count="0"/>
        <line num="78" type="stmt" count="10"/>
        <line num="91" type="method" name="fetch" crap="6.07" count="22"/>
        <line num="93" type="stmt" count="22"/>
        <line num="94" type="stmt" count="12"/>
        <line num="98" type="stmt" count="22"/>
        <line num="99" type="stmt" count="22"/>
        <line num="100" type="stmt" count="22"/>
        <line num="101" type="stmt" count="22"/>
        <line num="102" type="stmt" count="0"/>
        <line num="105" type="stmt" count="22"/>
        <line num="118" type="method" name="fetchObject" crap="20" count="0"/>
        <line num="120" type="stmt" count="0"/>
        <line num="121" type="stmt" count="0"/>
        <line num="123" type="stmt" count="0"/>
        <line num="125" type="stmt" count="0"/>
        <line num="126" type="stmt" count="0"/>
        <line num="129" type="stmt" count="0"/>
        <line num="130" type="stmt" count="0"/>
        <line num="131" type="stmt" count="0"/>
        <line num="133" type="stmt" count="0"/>
        <line num="134" type="stmt" count="0"/>
        <line num="137" type="stmt" count="0"/>
        <line num="138" type="stmt" count="0"/>
        <line num="151" type="method" name="fetchAll" crap="6.07" count="14"/>
        <line num="153" type="stmt" count="14"/>
        <line num="154" type="stmt" count="2"/>
        <line num="158" type="stmt" count="14"/>
        <line num="159" type="stmt" count="14"/>
        <line num="160" type="stmt" count="14"/>
        <line num="161" type="stmt" count="14"/>
        <line num="162" type="stmt" count="0"/>
        <line num="165" type="stmt" count="14"/>
        <line num="177" type="method" name="fetchColumn" crap="1" count="2"/>
        <line num="179" type="stmt" count="2"/>
        <line num="193" type="method" name="bindValue" crap="1" count="8"/>
        <line num="195" type="stmt" count="8"/>
        <line num="211" type="method" name="bindParam" crap="2" count="0"/>
        <line num="213" type="stmt" count="0"/>
        <line num="229" type="method" name="bindColumn" crap="2" count="0"/>
        <line num="231" type="stmt" count="0"/>
        <line num="241" type="method" name="columnCount" crap="1" count="2"/>
        <line num="243" type="stmt" count="2"/>
        <line num="257" type="method" name="rowCount" crap="1" count="2"/>
        <line num="259" type="stmt" count="2"/>
        <line num="271" type="method" name="getColumnMeta" crap="1" count="2"/>
        <line num="273" type="stmt" count="2"/>
        <line num="283" type="method" name="nextRowset" crap="2" count="0"/>
        <line num="285" type="stmt" count="0"/>
        <line num="295" type="method" name="closeCursor" crap="2" count="0"/>
        <line num="297" type="stmt" count="0"/>
        <line num="311" type="method" name="setAttribute" crap="2" count="0"/>
        <line num="313" type="stmt" count="0"/>
        <line num="326" type="method" name="getAttribute" crap="2" count="0"/>
        <line num="328" type="stmt" count="0"/>
        <line num="338" type="method" name="errorCode" crap="1" count="2"/>
        <line num="340" type="stmt" count="2"/>
        <line num="354" type="method" name="errorInfo" crap="1" count="2"/>
        <line num="356" type="stmt" count="2"/>
        <line num="364" type="method" name="queryString" crap="1" count="2"/>
        <line num="366" type="stmt" count="2"/>
        <line num="374" type="method" name="debugDumpParams" crap="1" count="2"/>
        <line num="376" type="stmt" count="2"/>
        <line num="377" type="stmt" count="2"/>
        <line num="379" type="method" name="serviceRequest" crap="4.59" count="58"/>
        <line num="381" type="stmt" count="58"/>
        <line num="383" type="stmt" count="58"/>
        <line num="384" type="stmt" count="46"/>
        <line num="387" type="stmt" count="58"/>
        <line num="388" type="stmt" count="58"/>
        <line num="390" type="stmt" count="58"/>
        <line num="391" type="stmt" count="58"/>
        <line num="392" type="stmt" count="58"/>
        <line num="394" type="stmt" count="0"/>
        <line num="395" type="stmt" count="0"/>
        <line num="396" type="stmt" count="0"/>
        <line num="398" type="stmt" count="0"/>
        <line num="407" type="stmt" count="1"/>
        <metrics loc="406" ncloc="220" classes="1" methods="23" coveredmethods="12" conditionals="0" coveredconditionals="0" statements="87" coveredstatements="54" elements="110" coveredelements="66"/>
      </file>
      <file name="/home/travis/build/IcecaveLabs/recoil-database/src-internal/Icecave/Recoil/Database/Detail/StatementService.php">
        <class name="StatementService" namespace="Icecave\Recoil\Database\Detail">
          <metrics methods="5" coveredmethods="5" conditionals="0" coveredconditionals="0" statements="15" coveredstatements="15" elements="20" coveredelements="20"/>
        </class>
        <line num="8" type="method" name="__construct" crap="1" count="30"/>
        <line num="10" type="stmt" count="30"/>
        <line num="11" type="stmt" count="30"/>
        <line num="12" type="stmt" count="30"/>
        <line num="14" type="method" name="release" crap="1" count="29"/>
        <line num="16" type="stmt" count="29"/>
        <line num="18" type="stmt" count="29"/>
        <line num="20" type="stmt" count="29"/>
        <line num="23" type="method" name="__call" crap="1" count="27"/>
        <line num="25" type="stmt" count="27"/>
        <line num="26" type="stmt" count="27"/>
        <line num="28" type="stmt" count="27"/>
        <line num="30" type="stmt" count="27"/>
        <line num="33" type="method" name="queryString" crap="1" count="1"/>
        <line num="35" type="stmt" count="1"/>
        <line num="38" type="method" name="debugDumpParams" crap="1" count="1"/>
        <line num="40" type="stmt" count="1"/>
        <line num="42" type="stmt" count="1"/>
        <line num="44" type="stmt" count="1"/>
        <line num="46" type="stmt" count="1"/>
        <line num="52" type="stmt" count="1"/>
        <metrics loc="51" ncloc="49" classes="1" methods="5" coveredmethods="5" conditionals="0" coveredconditionals="0" statements="15" coveredstatements="15" elements="20" coveredelements="20"/>
      </file>
    </package>
    <package name="Icecave\Recoil\Database">
      <file name="/home/travis/build/IcecaveLabs/recoil-database/src/Icecave/Recoil/Database/ConnectionFactory.php">
        <class name="ConnectionFactory" namespace="Icecave\Recoil\Database">
          <metrics methods="5" coveredmethods="5" conditionals="0" coveredconditionals="0" statements="22" coveredstatements="22" elements="27" coveredelements="27"/>
        </class>
        <line num="0" type="stmt" count="0"/>
        <line num="23" type="method" name="__construct" crap="2" count="42"/>
        <line num="25" type="stmt" count="42"/>
        <line num="26" type="stmt" count="42"/>
        <line num="27" type="stmt" count="42"/>
        <line num="28" type="stmt" count="1"/>
        <line num="30" type="stmt" count="42"/>
        <line num="31" type="stmt" count="42"/>
        <line num="45" type="method" name="connect" crap="1" count="42"/>
        <line num="47" type="stmt" count="42"/>
        <line num="48" type="stmt" count="42"/>
        <line num="49" type="stmt" count="42"/>
        <line num="50" type="stmt" count="42"/>
        <line num="62" type="stmt" count="42"/>
        <line num="63" type="stmt" count="42"/>
        <line num="68" type="method" name="createProcess" crap="1" count="41"/>
        <line num="70" type="stmt" count="41"/>
        <line num="73" type="method" name="createChannel" crap="1" count="41"/>
        <line num="75" type="stmt" count="41"/>
        <line num="76" type="stmt" count="41"/>
        <line num="77" type="stmt" count="41"/>
        <line num="78" type="stmt" count="41"/>
        <line num="79" type="stmt" count="41"/>
        <line num="80" type="stmt" count="41"/>
        <line num="81" type="stmt" count="41"/>
        <line num="82" type="stmt" count="41"/>
        <line num="85" type="method" name="createConnection" crap="1" count="41"/>
        <line num="87" type="stmt" count="41"/>
        <line num="92" type="stmt" count="0"/>
        <line num="104" type="stmt" count="0"/>
        <metrics loc="91" ncloc="50" classes="1" methods="5" coveredmethods="5" conditionals="0" coveredconditionals="0" statements="22" coveredstatements="22" elements="27" coveredelements="27"/>
      </file>
      <file name="/home/travis/build/IcecaveLabs/recoil-database/src/Icecave/Recoil/Database/PackageInfo.php">
        <class name="PackageInfo" namespace="Icecave\Recoil\Database">
          <metrics methods="0" coveredmethods="0" conditionals="0" coveredconditionals="0" statements="0" coveredstatements="0" elements="0" coveredelements="0"/>
        </class>
        <metrics loc="8" ncloc="8" classes="1" methods="0" coveredmethods="0" conditionals="0" coveredconditionals="0" statements="0" coveredstatements="0" elements="0" coveredelements="0"/>
      </file>
    </package>
    <file name="/home/travis/build/IcecaveLabs/recoil-database/src/Icecave/Recoil/Database/ConnectionFactoryInterface.php">
      <line num="23" type="stmt" count="1"/>
      <metrics loc="22" ncloc="7" classes="0" methods="0" coveredmethods="0" conditionals="0" coveredconditionals="0" statements="0" coveredstatements="0" elements="0" coveredelements="0"/>
    </file>
    <file name="/home/travis/build/IcecaveLabs/recoil-database/src/Icecave/Recoil/Database/ConnectionInterface.php">
      <line num="154" type="stmt" count="0"/>
      <metrics loc="153" ncloc="33" classes="0" methods="0" coveredmethods="0" conditionals="0" coveredconditionals="0" statements="0" coveredstatements="0" elements="0" coveredelements="0"/>
    </file>
    <package name="Icecave\Recoil\Database\Exception">
      <file name="/home/travis/build/IcecaveLabs/recoil-database/src/Icecave/Recoil/Database/Exception/DatabaseException.php">
        <class name="DatabaseException" namespace="Icecave\Recoil\Database\Exception">
          <metrics methods="1" coveredmethods="1" conditionals="0" coveredconditionals="0" statements="11" coveredstatements="11" elements="12" coveredelements="12"/>
        </class>
        <line num="14" type="method" name="__construct" crap="4" count="5"/>
        <line num="19" type="stmt" count="5"/>
        <line num="20" type="stmt" count="1"/>
        <line num="23" type="stmt" count="5"/>
        <line num="25" type="stmt" count="5"/>
        <line num="26" type="stmt" count="2"/>
        <line num="27" type="stmt" count="1"/>
        <line num="28" type="stmt" count="1"/>
        <line num="29" type="stmt" count="1"/>
        <line num="33" type="stmt" count="5"/>
        <line num="34" type="stmt" count="5"/>
        <line num="35" type="stmt" count="5"/>
        <line num="39" type="stmt" count="0"/>
        <metrics loc="38" ncloc="33" classes="1" methods="1" coveredmethods="1" conditionals="0" coveredconditionals="0" statements="11" coveredstatements="11" elements="12" coveredelements="12"/>
      </file>
    </package>
    <file name="/home/travis/build/IcecaveLabs/recoil-database/src/Icecave/Recoil/Database/StatementInterface.php">
      <line num="236" type="stmt" count="1"/>
      <metrics loc="235" ncloc="47" classes="0" methods="0" coveredmethods="0" conditionals="0" coveredconditionals="0" statements="0" coveredstatements="0" elements="0" coveredelements="0"/>
    </file>
    <metrics files="12" loc="1424" ncloc="723" classes="9" methods="63" coveredmethods="49" conditionals="0" coveredconditionals="0" statements="230" coveredstatements="192" elements="293" coveredelements="241"/>
  </project>
</coverage>
