<?xml version="1.0" encoding="UTF-8"?>
<testsuites>
  <testsuite name="" tests="29" assertions="64" failures="0" errors="0" time="3.630403">
    <testsuite name="Icecave\Recoil\Database\ConnectionFactoryTest" file="/home/travis/build/IcecaveLabs/recoil-database/test/suite/Icecave/Recoil/ConnectionFactoryTest.php" namespace="Icecave\Recoil\Database" fullPackage="Icecave.Recoil.Database" tests="2" assertions="7" failures="0" errors="0" time="0.187838">
      <testcase name="testConnect" class="Icecave\Recoil\Database\ConnectionFactoryTest" file="/home/travis/build/IcecaveLabs/recoil-database/test/suite/Icecave/Recoil/ConnectionFactoryTest.php" line="14" assertions="1" time="0.129245"/>
      <testcase name="testConnectLogic" class="Icecave\Recoil\Database\ConnectionFactoryTest" file="/home/travis/build/IcecaveLabs/recoil-database/test/suite/Icecave/Recoil/ConnectionFactoryTest.php" line="26" assertions="6" time="0.058593"/>
    </testsuite>
    <testsuite name="Icecave\Recoil\Database\Exception\DatabaseExceptionTest" file="/home/travis/build/IcecaveLabs/recoil-database/test/suite/Icecave/Recoil/Exception/DatabaseExceptionTest.php" namespace="Icecave\Recoil\Database\Exception" fullPackage="Icecave.Recoil.Database.Exception" tests="3" assertions="9" failures="0" errors="0" time="0.011018">
      <testcase name="testException" class="Icecave\Recoil\Database\Exception\DatabaseExceptionTest" file="/home/travis/build/IcecaveLabs/recoil-database/test/suite/Icecave/Recoil/Exception/DatabaseExceptionTest.php" line="10" assertions="3" time="0.003881"/>
      <testcase name="testExceptionDefaultErrorInfo" class="Icecave\Recoil\Database\Exception\DatabaseExceptionTest" file="/home/travis/build/IcecaveLabs/recoil-database/test/suite/Icecave/Recoil/Exception/DatabaseExceptionTest.php" line="19" assertions="3" time="0.003200"/>
      <testcase name="testExceptionDefaults" class="Icecave\Recoil\Database\Exception\DatabaseExceptionTest" file="/home/travis/build/IcecaveLabs/recoil-database/test/suite/Icecave/Recoil/Exception/DatabaseExceptionTest.php" line="28" assertions="3" time="0.003937"/>
    </testsuite>
    <testsuite name="Icecave\Recoil\Database\FunctionalCoverageTest" file="/home/travis/build/IcecaveLabs/recoil-database/test/suite/Icecave/Recoil/FunctionalCoverageTest.php" namespace="Icecave\Recoil\Database" fullPackage="Icecave.Recoil.Database" tests="12" assertions="24" failures="0" errors="0" time="0.769992">
      <testcase name="testConnectionPrepare" class="Icecave\Recoil\Database\FunctionalCoverageTest" file="/home/travis/build/IcecaveLabs/recoil-database/test/suite/Icecave/Recoil/FunctionalCoverageTest.php" line="35" assertions="2" time="0.119426"/>
      <testcase name="testConnectionQuery" class="Icecave\Recoil\Database\FunctionalCoverageTest" file="/home/travis/build/IcecaveLabs/recoil-database/test/suite/Icecave/Recoil/FunctionalCoverageTest.php" line="55" assertions="2" time="0.068140"/>
      <testcase name="testConnectionExec" class="Icecave\Recoil\Database\FunctionalCoverageTest" file="/home/travis/build/IcecaveLabs/recoil-database/test/suite/Icecave/Recoil/FunctionalCoverageTest.php" line="81" assertions="2" time="0.047761"/>
      <testcase name="testConnectionInTransaction" class="Icecave\Recoil\Database\FunctionalCoverageTest" file="/home/travis/build/IcecaveLabs/recoil-database/test/suite/Icecave/Recoil/FunctionalCoverageTest.php" line="97" assertions="3" time="0.076509"/>
      <testcase name="testConnectionCommit" class="Icecave\Recoil\Database\FunctionalCoverageTest" file="/home/travis/build/IcecaveLabs/recoil-database/test/suite/Icecave/Recoil/FunctionalCoverageTest.php" line="116" assertions="3" time="0.071418"/>
      <testcase name="testConnectionRollback" class="Icecave\Recoil\Database\FunctionalCoverageTest" file="/home/travis/build/IcecaveLabs/recoil-database/test/suite/Icecave/Recoil/FunctionalCoverageTest.php" line="137" assertions="3" time="0.067797"/>
      <testcase name="testConnectionLastInsertId" class="Icecave\Recoil\Database\FunctionalCoverageTest" file="/home/travis/build/IcecaveLabs/recoil-database/test/suite/Icecave/Recoil/FunctionalCoverageTest.php" line="158" assertions="2" time="0.074330"/>
      <testcase name="testConnectionErrorCode" class="Icecave\Recoil\Database\FunctionalCoverageTest" file="/home/travis/build/IcecaveLabs/recoil-database/test/suite/Icecave/Recoil/FunctionalCoverageTest.php" line="175" assertions="1" time="0.049884"/>
      <testcase name="testConnectionErrorInfo" class="Icecave\Recoil\Database\FunctionalCoverageTest" file="/home/travis/build/IcecaveLabs/recoil-database/test/suite/Icecave/Recoil/FunctionalCoverageTest.php" line="190" assertions="1" time="0.049792"/>
      <testcase name="testConnectionQuote" class="Icecave\Recoil\Database\FunctionalCoverageTest" file="/home/travis/build/IcecaveLabs/recoil-database/test/suite/Icecave/Recoil/FunctionalCoverageTest.php" line="205" assertions="1" time="0.041441"/>
      <testcase name="testConnectionSetAndGetAttribute" class="Icecave\Recoil\Database\FunctionalCoverageTest" file="/home/travis/build/IcecaveLabs/recoil-database/test/suite/Icecave/Recoil/FunctionalCoverageTest.php" line="220" assertions="2" time="0.057960"/>
      <testcase name="testExceptionPropagation" class="Icecave\Recoil\Database\FunctionalCoverageTest" file="/home/travis/build/IcecaveLabs/recoil-database/test/suite/Icecave/Recoil/FunctionalCoverageTest.php" line="239" assertions="2" time="0.045534"/>
    </testsuite>
    <testsuite name="Icecave\Recoil\Database\FunctionalTest" file="/home/travis/build/IcecaveLabs/recoil-database/test/suite/Icecave/Recoil/FunctionalTest.php" namespace="Icecave\Recoil\Database" fullPackage="Icecave.Recoil.Database" tests="12" assertions="24" failures="0" errors="0" time="2.661555">
      <testcase name="testConnectionPrepare" class="Icecave\Recoil\Database\FunctionalTest" file="/home/travis/build/IcecaveLabs/recoil-database/test/suite/Icecave/Recoil/FunctionalTest.php" line="35" assertions="2" time="0.216860"/>
      <testcase name="testConnectionQuery" class="Icecave\Recoil\Database\FunctionalTest" file="/home/travis/build/IcecaveLabs/recoil-database/test/suite/Icecave/Recoil/FunctionalTest.php" line="55" assertions="2" time="0.223671"/>
      <testcase name="testConnectionExec" class="Icecave\Recoil\Database\FunctionalTest" file="/home/travis/build/IcecaveLabs/recoil-database/test/suite/Icecave/Recoil/FunctionalTest.php" line="81" assertions="2" time="0.223022"/>
      <testcase name="testConnectionInTransaction" class="Icecave\Recoil\Database\FunctionalTest" file="/home/travis/build/IcecaveLabs/recoil-database/test/suite/Icecave/Recoil/FunctionalTest.php" line="97" assertions="3" time="0.217674"/>
      <testcase name="testConnectionCommit" class="Icecave\Recoil\Database\FunctionalTest" file="/home/travis/build/IcecaveLabs/recoil-database/test/suite/Icecave/Recoil/FunctionalTest.php" line="116" assertions="3" time="0.217776"/>
      <testcase name="testConnectionRollback" class="Icecave\Recoil\Database\FunctionalTest" file="/home/travis/build/IcecaveLabs/recoil-database/test/suite/Icecave/Recoil/FunctionalTest.php" line="137" assertions="3" time="0.217380"/>
      <testcase name="testConnectionLastInsertId" class="Icecave\Recoil\Database\FunctionalTest" file="/home/travis/build/IcecaveLabs/recoil-database/test/suite/Icecave/Recoil/FunctionalTest.php" line="158" assertions="2" time="0.221841"/>
      <testcase name="testConnectionErrorCode" class="Icecave\Recoil\Database\FunctionalTest" file="/home/travis/build/IcecaveLabs/recoil-database/test/suite/Icecave/Recoil/FunctionalTest.php" line="175" assertions="1" time="0.217936"/>
      <testcase name="testConnectionErrorInfo" class="Icecave\Recoil\Database\FunctionalTest" file="/home/travis/build/IcecaveLabs/recoil-database/test/suite/Icecave/Recoil/FunctionalTest.php" line="190" assertions="1" time="0.217496"/>
      <testcase name="testConnectionQuote" class="Icecave\Recoil\Database\FunctionalTest" file="/home/travis/build/IcecaveLabs/recoil-database/test/suite/Icecave/Recoil/FunctionalTest.php" line="205" assertions="1" time="0.216248"/>
      <testcase name="testConnectionSetAndGetAttribute" class="Icecave\Recoil\Database\FunctionalTest" file="/home/travis/build/IcecaveLabs/recoil-database/test/suite/Icecave/Recoil/FunctionalTest.php" line="220" assertions="2" time="0.220124"/>
      <testcase name="testExceptionPropagation" class="Icecave\Recoil\Database\FunctionalTest" file="/home/travis/build/IcecaveLabs/recoil-database/test/suite/Icecave/Recoil/FunctionalTest.php" line="239" assertions="2" time="0.251527"/>
    </testsuite>
  </testsuite>
</testsuites>
