<?xml version="1.0" encoding="UTF-8"?>
<testsuites>
  <testsuite name="" tests="85" assertions="122" failures="0" errors="0" time="13.063468">
    <testsuite name="Icecave\Recoil\Database\ConnectionFactoryTest" file="/home/travis/build/IcecaveLabs/recoil-database/test/suite/Icecave/Recoil/ConnectionFactoryTest.php" namespace="Icecave\Recoil\Database" fullPackage="Icecave.Recoil.Database" tests="2" assertions="7" failures="0" errors="0" time="0.187876">
      <testcase name="testConnect" class="Icecave\Recoil\Database\ConnectionFactoryTest" file="/home/travis/build/IcecaveLabs/recoil-database/test/suite/Icecave/Recoil/ConnectionFactoryTest.php" line="14" assertions="1" time="0.129133"/>
      <testcase name="testConnectLogic" class="Icecave\Recoil\Database\ConnectionFactoryTest" file="/home/travis/build/IcecaveLabs/recoil-database/test/suite/Icecave/Recoil/ConnectionFactoryTest.php" line="26" assertions="6" time="0.058743"/>
    </testsuite>
    <testsuite name="Icecave\Recoil\Database\Exception\DatabaseExceptionTest" file="/home/travis/build/IcecaveLabs/recoil-database/test/suite/Icecave/Recoil/Exception/DatabaseExceptionTest.php" namespace="Icecave\Recoil\Database\Exception" fullPackage="Icecave.Recoil.Database.Exception" tests="3" assertions="9" failures="0" errors="0" time="0.011245">
      <testcase name="testException" class="Icecave\Recoil\Database\Exception\DatabaseExceptionTest" file="/home/travis/build/IcecaveLabs/recoil-database/test/suite/Icecave/Recoil/Exception/DatabaseExceptionTest.php" line="10" assertions="3" time="0.003867"/>
      <testcase name="testExceptionDefaultErrorInfo" class="Icecave\Recoil\Database\Exception\DatabaseExceptionTest" file="/home/travis/build/IcecaveLabs/recoil-database/test/suite/Icecave/Recoil/Exception/DatabaseExceptionTest.php" line="19" assertions="3" time="0.003325"/>
      <testcase name="testExceptionDefaults" class="Icecave\Recoil\Database\Exception\DatabaseExceptionTest" file="/home/travis/build/IcecaveLabs/recoil-database/test/suite/Icecave/Recoil/Exception/DatabaseExceptionTest.php" line="28" assertions="3" time="0.004053"/>
    </testsuite>
    <testsuite name="Icecave\Recoil\Database\FunctionalCoverageTest" file="/home/travis/build/IcecaveLabs/recoil-database/test/suite/Icecave/Recoil/FunctionalCoverageTest.php" namespace="Icecave\Recoil\Database" fullPackage="Icecave.Recoil.Database" tests="40" assertions="53" failures="0" errors="0" time="3.306047">
      <testcase name="testConnectionPrepare" class="Icecave\Recoil\Database\FunctionalCoverageTest" file="/home/travis/build/IcecaveLabs/recoil-database/test/suite/Icecave/Recoil/FunctionalCoverageTest.php" line="39" assertions="1" time="0.100460"/>
      <testcase name="testConnectionQuery" class="Icecave\Recoil\Database\FunctionalCoverageTest" file="/home/travis/build/IcecaveLabs/recoil-database/test/suite/Icecave/Recoil/FunctionalCoverageTest.php" line="52" assertions="2" time="0.082120"/>
      <testcase name="testConnectionExec" class="Icecave\Recoil\Database\FunctionalCoverageTest" file="/home/travis/build/IcecaveLabs/recoil-database/test/suite/Icecave/Recoil/FunctionalCoverageTest.php" line="75" assertions="2" time="0.054413"/>
      <testcase name="testConnectionInTransaction" class="Icecave\Recoil\Database\FunctionalCoverageTest" file="/home/travis/build/IcecaveLabs/recoil-database/test/suite/Icecave/Recoil/FunctionalCoverageTest.php" line="92" assertions="3" time="0.084923"/>
      <testcase name="testConnectionCommit" class="Icecave\Recoil\Database\FunctionalCoverageTest" file="/home/travis/build/IcecaveLabs/recoil-database/test/suite/Icecave/Recoil/FunctionalCoverageTest.php" line="111" assertions="3" time="0.082419"/>
      <testcase name="testConnectionRollback" class="Icecave\Recoil\Database\FunctionalCoverageTest" file="/home/travis/build/IcecaveLabs/recoil-database/test/suite/Icecave/Recoil/FunctionalCoverageTest.php" line="132" assertions="3" time="0.074521"/>
      <testcase name="testConnectionLastInsertId" class="Icecave\Recoil\Database\FunctionalCoverageTest" file="/home/travis/build/IcecaveLabs/recoil-database/test/suite/Icecave/Recoil/FunctionalCoverageTest.php" line="153" assertions="2" time="0.081594"/>
      <testcase name="testConnectionErrorCode" class="Icecave\Recoil\Database\FunctionalCoverageTest" file="/home/travis/build/IcecaveLabs/recoil-database/test/suite/Icecave/Recoil/FunctionalCoverageTest.php" line="170" assertions="1" time="0.056332"/>
      <testcase name="testConnectionErrorInfo" class="Icecave\Recoil\Database\FunctionalCoverageTest" file="/home/travis/build/IcecaveLabs/recoil-database/test/suite/Icecave/Recoil/FunctionalCoverageTest.php" line="185" assertions="1" time="0.056982"/>
      <testcase name="testConnectionQuote" class="Icecave\Recoil\Database\FunctionalCoverageTest" file="/home/travis/build/IcecaveLabs/recoil-database/test/suite/Icecave/Recoil/FunctionalCoverageTest.php" line="200" assertions="1" time="0.049565"/>
      <testcase name="testConnectionSetAndGetAttribute" class="Icecave\Recoil\Database\FunctionalCoverageTest" file="/home/travis/build/IcecaveLabs/recoil-database/test/suite/Icecave/Recoil/FunctionalCoverageTest.php" line="215" assertions="2" time="0.066103"/>
      <testcase name="testExceptionPropagation" class="Icecave\Recoil\Database\FunctionalCoverageTest" file="/home/travis/build/IcecaveLabs/recoil-database/test/suite/Icecave/Recoil/FunctionalCoverageTest.php" line="234" assertions="2" time="0.054599"/>
      <testcase name="testStatementExecute" class="Icecave\Recoil\Database\FunctionalCoverageTest" file="/home/travis/build/IcecaveLabs/recoil-database/test/suite/Icecave/Recoil/FunctionalCoverageTest.php" line="20" assertions="1" time="0.067948"/>
      <testsuite name="Icecave\Recoil\Database\FunctionalCoverageTest::testStatementSetFetchModeWithSimpleMode" tests="5" assertions="5" failures="0" errors="0" time="0.458620">
        <testcase name="testStatementSetFetchModeWithSimpleMode with data set #0" assertions="1" time="0.083191"/>
        <testcase name="testStatementSetFetchModeWithSimpleMode with data set #1" assertions="1" time="0.088150"/>
        <testcase name="testStatementSetFetchModeWithSimpleMode with data set #2" assertions="1" time="0.090731"/>
        <testcase name="testStatementSetFetchModeWithSimpleMode with data set #3" assertions="1" time="0.098753"/>
        <testcase name="testStatementSetFetchModeWithSimpleMode with data set #4" assertions="1" time="0.097795"/>
      </testsuite>
      <testcase name="testStatementFetch" class="Icecave\Recoil\Database\FunctionalCoverageTest" file="/home/travis/build/IcecaveLabs/recoil-database/test/suite/Icecave/Recoil/FunctionalCoverageTest.php" line="74" assertions="1" time="0.118368"/>
      <testsuite name="Icecave\Recoil\Database\FunctionalCoverageTest::testStatementFetchWithSimpleMode" tests="5" assertions="5" failures="0" errors="0" time="0.594974">
        <testcase name="testStatementFetchWithSimpleMode with data set #0" assertions="1" time="0.111520"/>
        <testcase name="testStatementFetchWithSimpleMode with data set #1" assertions="1" time="0.119586"/>
        <testcase name="testStatementFetchWithSimpleMode with data set #2" assertions="1" time="0.117195"/>
        <testcase name="testStatementFetchWithSimpleMode with data set #3" assertions="1" time="0.143031"/>
        <testcase name="testStatementFetchWithSimpleMode with data set #4" assertions="1" time="0.103642"/>
      </testsuite>
      <testcase name="testStatementFetchAll" class="Icecave\Recoil\Database\FunctionalCoverageTest" file="/home/travis/build/IcecaveLabs/recoil-database/test/suite/Icecave/Recoil/FunctionalCoverageTest.php" line="158" assertions="1" time="0.082360"/>
      <testsuite name="Icecave\Recoil\Database\FunctionalCoverageTest::testStatementFetchAllWithSimpleMode" tests="5" assertions="5" failures="0" errors="0" time="0.405092">
        <testcase name="testStatementFetchAllWithSimpleMode with data set #0" assertions="1" time="0.078109"/>
        <testcase name="testStatementFetchAllWithSimpleMode with data set #1" assertions="1" time="0.084960"/>
        <testcase name="testStatementFetchAllWithSimpleMode with data set #2" assertions="1" time="0.081839"/>
        <testcase name="testStatementFetchAllWithSimpleMode with data set #3" assertions="1" time="0.081083"/>
        <testcase name="testStatementFetchAllWithSimpleMode with data set #4" assertions="1" time="0.079101"/>
      </testsuite>
      <testcase name="testStatementFetchColumn" class="Icecave\Recoil\Database\FunctionalCoverageTest" file="/home/travis/build/IcecaveLabs/recoil-database/test/suite/Icecave/Recoil/FunctionalCoverageTest.php" line="215" assertions="3" time="0.090590"/>
      <testcase name="testStatementBindValueWithPlaceholderIndex" class="Icecave\Recoil\Database\FunctionalCoverageTest" file="/home/travis/build/IcecaveLabs/recoil-database/test/suite/Icecave/Recoil/FunctionalCoverageTest.php" line="231" assertions="1" time="0.081881"/>
      <testcase name="testStatementBindValueWithPlaceholderName" class="Icecave\Recoil\Database\FunctionalCoverageTest" file="/home/travis/build/IcecaveLabs/recoil-database/test/suite/Icecave/Recoil/FunctionalCoverageTest.php" line="247" assertions="1" time="0.079547"/>
      <testcase name="testStatementColumnCount" class="Icecave\Recoil\Database\FunctionalCoverageTest" file="/home/travis/build/IcecaveLabs/recoil-database/test/suite/Icecave/Recoil/FunctionalCoverageTest.php" line="271" assertions="1" time="0.068497"/>
      <testcase name="testStatementRowCount" class="Icecave\Recoil\Database\FunctionalCoverageTest" file="/home/travis/build/IcecaveLabs/recoil-database/test/suite/Icecave/Recoil/FunctionalCoverageTest.php" line="285" assertions="1" time="0.072071"/>
      <testcase name="testStatementGetColumnMeta" class="Icecave\Recoil\Database\FunctionalCoverageTest" file="/home/travis/build/IcecaveLabs/recoil-database/test/suite/Icecave/Recoil/FunctionalCoverageTest.php" line="299" assertions="1" time="0.067382"/>
      <testcase name="testStatementErrorCode" class="Icecave\Recoil\Database\FunctionalCoverageTest" file="/home/travis/build/IcecaveLabs/recoil-database/test/suite/Icecave/Recoil/FunctionalCoverageTest.php" line="333" assertions="1" time="0.076534"/>
      <testcase name="testStatementErrorInfo" class="Icecave\Recoil\Database\FunctionalCoverageTest" file="/home/travis/build/IcecaveLabs/recoil-database/test/suite/Icecave/Recoil/FunctionalCoverageTest.php" line="352" assertions="1" time="0.076396"/>
      <testcase name="testStatementQueryString" class="Icecave\Recoil\Database\FunctionalCoverageTest" file="/home/travis/build/IcecaveLabs/recoil-database/test/suite/Icecave/Recoil/FunctionalCoverageTest.php" line="371" assertions="1" time="0.060380"/>
      <testcase name="testStatementDebugDumpParams" class="Icecave\Recoil\Database\FunctionalCoverageTest" file="/home/travis/build/IcecaveLabs/recoil-database/test/suite/Icecave/Recoil/FunctionalCoverageTest.php" line="385" assertions="1" time="0.061377"/>
    </testsuite>
    <testsuite name="Icecave\Recoil\Database\FunctionalTest" file="/home/travis/build/IcecaveLabs/recoil-database/test/suite/Icecave/Recoil/FunctionalTest.php" namespace="Icecave\Recoil\Database" fullPackage="Icecave.Recoil.Database" tests="40" assertions="53" failures="0" errors="0" time="9.558299">
      <testcase name="testConnectionPrepare" class="Icecave\Recoil\Database\FunctionalTest" file="/home/travis/build/IcecaveLabs/recoil-database/test/suite/Icecave/Recoil/FunctionalTest.php" line="39" assertions="1" time="0.233025"/>
      <testcase name="testConnectionQuery" class="Icecave\Recoil\Database\FunctionalTest" file="/home/travis/build/IcecaveLabs/recoil-database/test/suite/Icecave/Recoil/FunctionalTest.php" line="52" assertions="2" time="0.228666"/>
      <testcase name="testConnectionExec" class="Icecave\Recoil\Database\FunctionalTest" file="/home/travis/build/IcecaveLabs/recoil-database/test/suite/Icecave/Recoil/FunctionalTest.php" line="75" assertions="2" time="0.229507"/>
      <testcase name="testConnectionInTransaction" class="Icecave\Recoil\Database\FunctionalTest" file="/home/travis/build/IcecaveLabs/recoil-database/test/suite/Icecave/Recoil/FunctionalTest.php" line="92" assertions="3" time="0.226661"/>
      <testcase name="testConnectionCommit" class="Icecave\Recoil\Database\FunctionalTest" file="/home/travis/build/IcecaveLabs/recoil-database/test/suite/Icecave/Recoil/FunctionalTest.php" line="111" assertions="3" time="0.234572"/>
      <testcase name="testConnectionRollback" class="Icecave\Recoil\Database\FunctionalTest" file="/home/travis/build/IcecaveLabs/recoil-database/test/suite/Icecave/Recoil/FunctionalTest.php" line="132" assertions="3" time="0.225841"/>
      <testcase name="testConnectionLastInsertId" class="Icecave\Recoil\Database\FunctionalTest" file="/home/travis/build/IcecaveLabs/recoil-database/test/suite/Icecave/Recoil/FunctionalTest.php" line="153" assertions="2" time="0.227615"/>
      <testcase name="testConnectionErrorCode" class="Icecave\Recoil\Database\FunctionalTest" file="/home/travis/build/IcecaveLabs/recoil-database/test/suite/Icecave/Recoil/FunctionalTest.php" line="170" assertions="1" time="0.226042"/>
      <testcase name="testConnectionErrorInfo" class="Icecave\Recoil\Database\FunctionalTest" file="/home/travis/build/IcecaveLabs/recoil-database/test/suite/Icecave/Recoil/FunctionalTest.php" line="185" assertions="1" time="0.224791"/>
      <testcase name="testConnectionQuote" class="Icecave\Recoil\Database\FunctionalTest" file="/home/travis/build/IcecaveLabs/recoil-database/test/suite/Icecave/Recoil/FunctionalTest.php" line="200" assertions="1" time="0.223796"/>
      <testcase name="testConnectionSetAndGetAttribute" class="Icecave\Recoil\Database\FunctionalTest" file="/home/travis/build/IcecaveLabs/recoil-database/test/suite/Icecave/Recoil/FunctionalTest.php" line="215" assertions="2" time="0.224034"/>
      <testcase name="testExceptionPropagation" class="Icecave\Recoil\Database\FunctionalTest" file="/home/travis/build/IcecaveLabs/recoil-database/test/suite/Icecave/Recoil/FunctionalTest.php" line="234" assertions="2" time="0.133863"/>
      <testcase name="testStatementExecute" class="Icecave\Recoil\Database\FunctionalTest" file="/home/travis/build/IcecaveLabs/recoil-database/test/suite/Icecave/Recoil/FunctionalTest.php" line="20" assertions="1" time="0.224607"/>
      <testsuite name="Icecave\Recoil\Database\FunctionalTest::testStatementSetFetchModeWithSimpleMode" tests="5" assertions="5" failures="0" errors="0" time="1.128963">
        <testcase name="testStatementSetFetchModeWithSimpleMode with data set #0" assertions="1" time="0.223360"/>
        <testcase name="testStatementSetFetchModeWithSimpleMode with data set #1" assertions="1" time="0.228604"/>
        <testcase name="testStatementSetFetchModeWithSimpleMode with data set #2" assertions="1" time="0.222591"/>
        <testcase name="testStatementSetFetchModeWithSimpleMode with data set #3" assertions="1" time="0.230737"/>
        <testcase name="testStatementSetFetchModeWithSimpleMode with data set #4" assertions="1" time="0.223671"/>
      </testsuite>
      <testcase name="testStatementFetch" class="Icecave\Recoil\Database\FunctionalTest" file="/home/travis/build/IcecaveLabs/recoil-database/test/suite/Icecave/Recoil/FunctionalTest.php" line="74" assertions="1" time="0.349560"/>
      <testsuite name="Icecave\Recoil\Database\FunctionalTest::testStatementFetchWithSimpleMode" tests="5" assertions="5" failures="0" errors="0" time="1.675642">
        <testcase name="testStatementFetchWithSimpleMode with data set #0" assertions="1" time="0.357287"/>
        <testcase name="testStatementFetchWithSimpleMode with data set #1" assertions="1" time="0.331356"/>
        <testcase name="testStatementFetchWithSimpleMode with data set #2" assertions="1" time="0.328824"/>
        <testcase name="testStatementFetchWithSimpleMode with data set #3" assertions="1" time="0.329802"/>
        <testcase name="testStatementFetchWithSimpleMode with data set #4" assertions="1" time="0.328373"/>
      </testsuite>
      <testcase name="testStatementFetchAll" class="Icecave\Recoil\Database\FunctionalTest" file="/home/travis/build/IcecaveLabs/recoil-database/test/suite/Icecave/Recoil/FunctionalTest.php" line="158" assertions="1" time="0.223320"/>
      <testsuite name="Icecave\Recoil\Database\FunctionalTest::testStatementFetchAllWithSimpleMode" tests="5" assertions="5" failures="0" errors="0" time="1.105665">
        <testcase name="testStatementFetchAllWithSimpleMode with data set #0" assertions="1" time="0.221632"/>
        <testcase name="testStatementFetchAllWithSimpleMode with data set #1" assertions="1" time="0.222128"/>
        <testcase name="testStatementFetchAllWithSimpleMode with data set #2" assertions="1" time="0.220710"/>
        <testcase name="testStatementFetchAllWithSimpleMode with data set #3" assertions="1" time="0.220773"/>
        <testcase name="testStatementFetchAllWithSimpleMode with data set #4" assertions="1" time="0.220422"/>
      </testsuite>
      <testcase name="testStatementFetchColumn" class="Icecave\Recoil\Database\FunctionalTest" file="/home/travis/build/IcecaveLabs/recoil-database/test/suite/Icecave/Recoil/FunctionalTest.php" line="215" assertions="3" time="0.219016"/>
      <testcase name="testStatementBindValueWithPlaceholderIndex" class="Icecave\Recoil\Database\FunctionalTest" file="/home/travis/build/IcecaveLabs/recoil-database/test/suite/Icecave/Recoil/FunctionalTest.php" line="231" assertions="1" time="0.218297"/>
      <testcase name="testStatementBindValueWithPlaceholderName" class="Icecave\Recoil\Database\FunctionalTest" file="/home/travis/build/IcecaveLabs/recoil-database/test/suite/Icecave/Recoil/FunctionalTest.php" line="247" assertions="1" time="0.219369"/>
      <testcase name="testStatementColumnCount" class="Icecave\Recoil\Database\FunctionalTest" file="/home/travis/build/IcecaveLabs/recoil-database/test/suite/Icecave/Recoil/FunctionalTest.php" line="271" assertions="1" time="0.218502"/>
      <testcase name="testStatementRowCount" class="Icecave\Recoil\Database\FunctionalTest" file="/home/travis/build/IcecaveLabs/recoil-database/test/suite/Icecave/Recoil/FunctionalTest.php" line="285" assertions="1" time="0.221556"/>
      <testcase name="testStatementGetColumnMeta" class="Icecave\Recoil\Database\FunctionalTest" file="/home/travis/build/IcecaveLabs/recoil-database/test/suite/Icecave/Recoil/FunctionalTest.php" line="299" assertions="1" time="0.222979"/>
      <testcase name="testStatementErrorCode" class="Icecave\Recoil\Database\FunctionalTest" file="/home/travis/build/IcecaveLabs/recoil-database/test/suite/Icecave/Recoil/FunctionalTest.php" line="333" assertions="1" time="0.220618"/>
      <testcase name="testStatementErrorInfo" class="Icecave\Recoil\Database\FunctionalTest" file="/home/travis/build/IcecaveLabs/recoil-database/test/suite/Icecave/Recoil/FunctionalTest.php" line="352" assertions="1" time="0.219969"/>
      <testcase name="testStatementQueryString" class="Icecave\Recoil\Database\FunctionalTest" file="/home/travis/build/IcecaveLabs/recoil-database/test/suite/Icecave/Recoil/FunctionalTest.php" line="371" assertions="1" time="0.227814"/>
      <testcase name="testStatementDebugDumpParams" class="Icecave\Recoil\Database\FunctionalTest" file="/home/travis/build/IcecaveLabs/recoil-database/test/suite/Icecave/Recoil/FunctionalTest.php" line="385" assertions="1" time="0.224010"/>
    </testsuite>
  </testsuite>
</testsuites>
