<?xml version="1.0" encoding="UTF-8"?>
<testsuites>
  <testsuite name="" tests="29" assertions="64" failures="0" errors="0" time="5.714333">
    <testsuite name="Icecave\Recoil\Database\ConnectionFactoryTest" file="/home/travis/build/IcecaveLabs/recoil-database/test/suite/Icecave/Recoil/ConnectionFactoryTest.php" namespace="Icecave\Recoil\Database" fullPackage="Icecave.Recoil.Database" tests="2" assertions="7" failures="0" errors="0" time="0.342507">
      <testcase name="testConnect" class="Icecave\Recoil\Database\ConnectionFactoryTest" file="/home/travis/build/IcecaveLabs/recoil-database/test/suite/Icecave/Recoil/ConnectionFactoryTest.php" line="14" assertions="1" time="0.247114"/>
      <testcase name="testConnectLogic" class="Icecave\Recoil\Database\ConnectionFactoryTest" file="/home/travis/build/IcecaveLabs/recoil-database/test/suite/Icecave/Recoil/ConnectionFactoryTest.php" line="26" assertions="6" time="0.095393"/>
    </testsuite>
    <testsuite name="Icecave\Recoil\Database\Exception\DatabaseExceptionTest" file="/home/travis/build/IcecaveLabs/recoil-database/test/suite/Icecave/Recoil/Exception/DatabaseExceptionTest.php" namespace="Icecave\Recoil\Database\Exception" fullPackage="Icecave.Recoil.Database.Exception" tests="3" assertions="9" failures="0" errors="0" time="0.017721">
      <testcase name="testException" class="Icecave\Recoil\Database\Exception\DatabaseExceptionTest" file="/home/travis/build/IcecaveLabs/recoil-database/test/suite/Icecave/Recoil/Exception/DatabaseExceptionTest.php" line="10" assertions="3" time="0.006019"/>
      <testcase name="testExceptionDefaultErrorInfo" class="Icecave\Recoil\Database\Exception\DatabaseExceptionTest" file="/home/travis/build/IcecaveLabs/recoil-database/test/suite/Icecave/Recoil/Exception/DatabaseExceptionTest.php" line="19" assertions="3" time="0.005592"/>
      <testcase name="testExceptionDefaults" class="Icecave\Recoil\Database\Exception\DatabaseExceptionTest" file="/home/travis/build/IcecaveLabs/recoil-database/test/suite/Icecave/Recoil/Exception/DatabaseExceptionTest.php" line="28" assertions="3" time="0.006110"/>
    </testsuite>
    <testsuite name="Icecave\Recoil\Database\FunctionalCoverageTest" file="/home/travis/build/IcecaveLabs/recoil-database/test/suite/Icecave/Recoil/FunctionalCoverageTest.php" namespace="Icecave\Recoil\Database" fullPackage="Icecave.Recoil.Database" tests="12" assertions="24" failures="0" errors="0" time="1.756326">
      <testcase name="testConnectionPrepare" class="Icecave\Recoil\Database\FunctionalCoverageTest" file="/home/travis/build/IcecaveLabs/recoil-database/test/suite/Icecave/Recoil/FunctionalCoverageTest.php" line="35" assertions="2" time="0.297630"/>
      <testcase name="testConnectionQuery" class="Icecave\Recoil\Database\FunctionalCoverageTest" file="/home/travis/build/IcecaveLabs/recoil-database/test/suite/Icecave/Recoil/FunctionalCoverageTest.php" line="55" assertions="2" time="0.157748"/>
      <testcase name="testConnectionExec" class="Icecave\Recoil\Database\FunctionalCoverageTest" file="/home/travis/build/IcecaveLabs/recoil-database/test/suite/Icecave/Recoil/FunctionalCoverageTest.php" line="81" assertions="2" time="0.101673"/>
      <testcase name="testConnectionInTransaction" class="Icecave\Recoil\Database\FunctionalCoverageTest" file="/home/travis/build/IcecaveLabs/recoil-database/test/suite/Icecave/Recoil/FunctionalCoverageTest.php" line="97" assertions="3" time="0.161904"/>
      <testcase name="testConnectionCommit" class="Icecave\Recoil\Database\FunctionalCoverageTest" file="/home/travis/build/IcecaveLabs/recoil-database/test/suite/Icecave/Recoil/FunctionalCoverageTest.php" line="116" assertions="3" time="0.166314"/>
      <testcase name="testConnectionRollback" class="Icecave\Recoil\Database\FunctionalCoverageTest" file="/home/travis/build/IcecaveLabs/recoil-database/test/suite/Icecave/Recoil/FunctionalCoverageTest.php" line="137" assertions="3" time="0.140214"/>
      <testcase name="testConnectionLastInsertId" class="Icecave\Recoil\Database\FunctionalCoverageTest" file="/home/travis/build/IcecaveLabs/recoil-database/test/suite/Icecave/Recoil/FunctionalCoverageTest.php" line="158" assertions="2" time="0.215627"/>
      <testcase name="testConnectionErrorCode" class="Icecave\Recoil\Database\FunctionalCoverageTest" file="/home/travis/build/IcecaveLabs/recoil-database/test/suite/Icecave/Recoil/FunctionalCoverageTest.php" line="175" assertions="1" time="0.108271"/>
      <testcase name="testConnectionErrorInfo" class="Icecave\Recoil\Database\FunctionalCoverageTest" file="/home/travis/build/IcecaveLabs/recoil-database/test/suite/Icecave/Recoil/FunctionalCoverageTest.php" line="190" assertions="1" time="0.108762"/>
      <testcase name="testConnectionQuote" class="Icecave\Recoil\Database\FunctionalCoverageTest" file="/home/travis/build/IcecaveLabs/recoil-database/test/suite/Icecave/Recoil/FunctionalCoverageTest.php" line="205" assertions="1" time="0.110340"/>
      <testcase name="testConnectionSetAndGetAttribute" class="Icecave\Recoil\Database\FunctionalCoverageTest" file="/home/travis/build/IcecaveLabs/recoil-database/test/suite/Icecave/Recoil/FunctionalCoverageTest.php" line="220" assertions="2" time="0.108306"/>
      <testcase name="testExceptionPropagation" class="Icecave\Recoil\Database\FunctionalCoverageTest" file="/home/travis/build/IcecaveLabs/recoil-database/test/suite/Icecave/Recoil/FunctionalCoverageTest.php" line="239" assertions="2" time="0.079537"/>
    </testsuite>
    <testsuite name="Icecave\Recoil\Database\FunctionalTest" file="/home/travis/build/IcecaveLabs/recoil-database/test/suite/Icecave/Recoil/FunctionalTest.php" namespace="Icecave\Recoil\Database" fullPackage="Icecave.Recoil.Database" tests="12" assertions="24" failures="0" errors="0" time="3.597779">
      <testcase name="testConnectionPrepare" class="Icecave\Recoil\Database\FunctionalTest" file="/home/travis/build/IcecaveLabs/recoil-database/test/suite/Icecave/Recoil/FunctionalTest.php" line="35" assertions="2" time="0.341747"/>
      <testcase name="testConnectionQuery" class="Icecave\Recoil\Database\FunctionalTest" file="/home/travis/build/IcecaveLabs/recoil-database/test/suite/Icecave/Recoil/FunctionalTest.php" line="55" assertions="2" time="0.340481"/>
      <testcase name="testConnectionExec" class="Icecave\Recoil\Database\FunctionalTest" file="/home/travis/build/IcecaveLabs/recoil-database/test/suite/Icecave/Recoil/FunctionalTest.php" line="81" assertions="2" time="0.217078"/>
      <testcase name="testConnectionInTransaction" class="Icecave\Recoil\Database\FunctionalTest" file="/home/travis/build/IcecaveLabs/recoil-database/test/suite/Icecave/Recoil/FunctionalTest.php" line="97" assertions="3" time="0.348416"/>
      <testcase name="testConnectionCommit" class="Icecave\Recoil\Database\FunctionalTest" file="/home/travis/build/IcecaveLabs/recoil-database/test/suite/Icecave/Recoil/FunctionalTest.php" line="116" assertions="3" time="0.319290"/>
      <testcase name="testConnectionRollback" class="Icecave\Recoil\Database\FunctionalTest" file="/home/travis/build/IcecaveLabs/recoil-database/test/suite/Icecave/Recoil/FunctionalTest.php" line="137" assertions="3" time="0.318592"/>
      <testcase name="testConnectionLastInsertId" class="Icecave\Recoil\Database\FunctionalTest" file="/home/travis/build/IcecaveLabs/recoil-database/test/suite/Icecave/Recoil/FunctionalTest.php" line="158" assertions="2" time="0.322641"/>
      <testcase name="testConnectionErrorCode" class="Icecave\Recoil\Database\FunctionalTest" file="/home/travis/build/IcecaveLabs/recoil-database/test/suite/Icecave/Recoil/FunctionalTest.php" line="175" assertions="1" time="0.319779"/>
      <testcase name="testConnectionErrorInfo" class="Icecave\Recoil\Database\FunctionalTest" file="/home/travis/build/IcecaveLabs/recoil-database/test/suite/Icecave/Recoil/FunctionalTest.php" line="190" assertions="1" time="0.320287"/>
      <testcase name="testConnectionQuote" class="Icecave\Recoil\Database\FunctionalTest" file="/home/travis/build/IcecaveLabs/recoil-database/test/suite/Icecave/Recoil/FunctionalTest.php" line="205" assertions="1" time="0.219891"/>
      <testcase name="testConnectionSetAndGetAttribute" class="Icecave\Recoil\Database\FunctionalTest" file="/home/travis/build/IcecaveLabs/recoil-database/test/suite/Icecave/Recoil/FunctionalTest.php" line="220" assertions="2" time="0.322197"/>
      <testcase name="testExceptionPropagation" class="Icecave\Recoil\Database\FunctionalTest" file="/home/travis/build/IcecaveLabs/recoil-database/test/suite/Icecave/Recoil/FunctionalTest.php" line="239" assertions="2" time="0.207379"/>
    </testsuite>
  </testsuite>
</testsuites>
